

***********************************************************************
Fatal NI connect error 12520, connecting to:
 (DESCRIPTION=(ADDRESS=(PROTOCOL=TCP)(HOST=10.20.23.37)(PORT=1521))(CONNECT_DATA=(SERVICE_NAME=RDB)(CID=(PROGRAM=read_asmm_mdss)(HOST=localhost.localdomain)(USER=mdss_user))))

  VERSION INFORMATION:
	TNS for Linux: Version 10.2.0.4.0 - Production
	TCP/IP NT Protocol Adapter for Linux: Version 10.2.0.4.0 - Production
  Time: 19-SEP-2014 06:10:01
  Tracing not turned on.
  Tns error struct:
    ns main err code: 12564
    TNS-12564: TNS:connection refused
    ns secondary err code: 0
    nt main err code: 0
    nt secondary err code: 0


***********************************************************************
Fatal NI connect error 12520, connecting to:
 (DESCRIPTION=(ADDRESS=(PROTOCOL=TCP)(HOST=10.20.23.37)(PORT=1521))(CONNECT_DATA=(SERVICE_NAME=RDB)(CID=(PROGRAM=read_asmm_mdss)(HOST=localhost.localdomain)(USER=mdss_user))))

  VERSION INFORMATION:
	TNS for Linux: Version 10.2.0.4.0 - Production
	TCP/IP NT Protocol Adapter for Linux: Version 10.2.0.4.0 - Production
  Time: 19-SEP-2014 06:20:01
  Tracing not turned on.
  Tns error struct:
    ns main err code: 12564
    TNS-12564: TNS:connection refused
    ns secondary err code: 0
    nt main err code: 0
    nt secondary err code: 0


***********************************************************************
Fatal NI connect error 12520, connecting to:
 (DESCRIPTION=(ADDRESS=(PROTOCOL=TCP)(HOST=10.20.23.37)(PORT=1521))(CONNECT_DATA=(SERVICE_NAME=RDB)(CID=(PROGRAM=read_asmm_mdss)(HOST=localhost.localdomain)(USER=mdss_user))))

  VERSION INFORMATION:
	TNS for Linux: Version 10.2.0.4.0 - Production
	TCP/IP NT Protocol Adapter for Linux: Version 10.2.0.4.0 - Production
  Time: 01-OCT-2014 05:20:01
  Tracing not turned on.
  Tns error struct:
    ns main err code: 12564
    TNS-12564: TNS:connection refused
    ns secondary err code: 0
    nt main err code: 0
    nt secondary err code: 0


***********************************************************************
Fatal NI connect error 12520, connecting to:
 (DESCRIPTION=(ADDRESS=(PROTOCOL=TCP)(HOST=10.20.23.37)(PORT=1521))(CONNECT_DATA=(SERVICE_NAME=RDB)(CID=(PROGRAM=read_asmm_mdss)(HOST=localhost.localdomain)(USER=mdss_user))))

  VERSION INFORMATION:
	TNS for Linux: Version 10.2.0.4.0 - Production
	TCP/IP NT Protocol Adapter for Linux: Version 10.2.0.4.0 - Production
  Time: 16-OCT-2014 05:40:01
  Tracing not turned on.
  Tns error struct:
    ns main err code: 12564
    TNS-12564: TNS:connection refused
    ns secondary err code: 0
    nt main err code: 0
    nt secondary err code: 0


***********************************************************************
Fatal NI connect error 12520, connecting to:
 (DESCRIPTION=(ADDRESS=(PROTOCOL=TCP)(HOST=10.20.23.37)(PORT=1521))(CONNECT_DATA=(SERVICE_NAME=RDB)(CID=(PROGRAM=read_asmm_mdss)(HOST=localhost.localdomain)(USER=mdss_user))))

  VERSION INFORMATION:
	TNS for Linux: Version 10.2.0.4.0 - Production
	TCP/IP NT Protocol Adapter for Linux: Version 10.2.0.4.0 - Production
  Time: 31-OCT-2014 06:10:01
  Tracing not turned on.
  Tns error struct:
    ns main err code: 12564
    TNS-12564: TNS:connection refused
    ns secondary err code: 0
    nt main err code: 0
    nt secondary err code: 0


***********************************************************************
Fatal NI connect error 12520, connecting to:
 (DESCRIPTION=(ADDRESS=(PROTOCOL=TCP)(HOST=10.20.23.37)(PORT=1521))(CONNECT_DATA=(SERVICE_NAME=RDB)(CID=(PROGRAM=read_asmm_mdss)(HOST=localhost.localdomain)(USER=mdss_user))))

  VERSION INFORMATION:
	TNS for Linux: Version 10.2.0.4.0 - Production
	TCP/IP NT Protocol Adapter for Linux: Version 10.2.0.4.0 - Production
  Time: 01-DEC-2014 22:40:02
  Tracing not turned on.
  Tns error struct:
    ns main err code: 12564
    TNS-12564: TNS:connection refused
    ns secondary err code: 0
    nt main err code: 0
    nt secondary err code: 0


***********************************************************************
Fatal NI connect error 12520, connecting to:
 (DESCRIPTION=(ADDRESS=(PROTOCOL=TCP)(HOST=10.20.23.37)(PORT=1521))(CONNECT_DATA=(SERVICE_NAME=RDB)(CID=(PROGRAM=read_asmm_mdss)(HOST=localhost.localdomain)(USER=mdss_user))))

  VERSION INFORMATION:
	TNS for Linux: Version 10.2.0.4.0 - Production
	TCP/IP NT Protocol Adapter for Linux: Version 10.2.0.4.0 - Production
  Time: 01-DEC-2014 22:40:02
  Tracing not turned on.
  Tns error struct:
    ns main err code: 12564
    TNS-12564: TNS:connection refused
    ns secondary err code: 0
    nt main err code: 0
    nt secondary err code: 0


***********************************************************************
Fatal NI connect error 12520, connecting to:
 (DESCRIPTION=(ADDRESS=(PROTOCOL=TCP)(HOST=10.20.23.37)(PORT=1521))(CONNECT_DATA=(SERVICE_NAME=RDB)(CID=(PROGRAM=read_asmm_mdss)(HOST=localhost.localdomain)(USER=mdss_user))))

  VERSION INFORMATION:
	TNS for Linux: Version 10.2.0.4.0 - Production
	TCP/IP NT Protocol Adapter for Linux: Version 10.2.0.4.0 - Production
  Time: 02-DEC-2014 06:40:01
  Tracing not turned on.
  Tns error struct:
    ns main err code: 12564
    TNS-12564: TNS:connection refused
    ns secondary err code: 0
    nt main err code: 0
    nt secondary err code: 0


***********************************************************************
Fatal NI connect error 12520, connecting to:
 (DESCRIPTION=(ADDRESS=(PROTOCOL=TCP)(HOST=10.20.23.37)(PORT=1521))(CONNECT_DATA=(SERVICE_NAME=RDB)(CID=(PROGRAM=read_asmm_mdss)(HOST=localhost.localdomain)(USER=mdss_user))))

  VERSION INFORMATION:
	TNS for Linux: Version 10.2.0.4.0 - Production
	TCP/IP NT Protocol Adapter for Linux: Version 10.2.0.4.0 - Production
  Time: 02-DEC-2014 06:40:01
  Tracing not turned on.
  Tns error struct:
    ns main err code: 12564
    TNS-12564: TNS:connection refused
    ns secondary err code: 0
    nt main err code: 0
    nt secondary err code: 0
    nt OS err code: 0


***********************************************************************
Fatal NI connect error 12520, connecting to:
 (DESCRIPTION=(ADDRESS=(PROTOCOL=TCP)(HOST=10.20.23.37)(PORT=1521))(CONNECT_DATA=(SERVICE_NAME=RDB)(CID=(PROGRAM=read_asmm_mdss)(HOST=localhost.localdomain)(USER=mdss_user))))

  VERSION INFORMATION:
	TNS for Linux: Version 10.2.0.4.0 - Production
	TCP/IP NT Protocol Adapter for Linux: Version 10.2.0.4.0 - Production
  Time: 02-DEC-2014 06:40:02
  Tracing not turned on.
  Tns error struct:
    ns main err code: 12564
    TNS-12564: TNS:connection refused
    ns secondary err code: 0
    nt main err code: 0
    nt secondary err code: 0
    nt OS err code: 0


***********************************************************************
Fatal NI connect error 12520, connecting to:
 (DESCRIPTION=(ADDRESS=(PROTOCOL=TCP)(HOST=10.20.23.37)(PORT=1521))(CONNECT_DATA=(SERVICE_NAME=RDB)(CID=(PROGRAM=read_asmm_mdss)(HOST=localhost.localdomain)(USER=mdss_user))))

  VERSION INFORMATION:
	TNS for Linux: Version 10.2.0.4.0 - Production
	TCP/IP NT Protocol Adapter for Linux: Version 10.2.0.4.0 - Production
  Time: 02-DEC-2014 07:00:01
  Tracing not turned on.
  Tns error struct:
    ns main err code: 12564
    TNS-12564: TNS:connection refused
    ns secondary err code: 0
    nt main err code: 0
    nt secondary err code: 0
    nt OS err code: 0


***********************************************************************
Fatal NI connect error 12520, connecting to:
 (DESCRIPTION=(ADDRESS=(PROTOCOL=TCP)(HOST=10.20.23.37)(PORT=1521))(CONNECT_DATA=(SERVICE_NAME=RDB)(CID=(PROGRAM=read_asmm_mdss)(HOST=localhost.localdomain)(USER=mdss_user))))

  VERSION INFORMATION:
	TNS for Linux: Version 10.2.0.4.0 - Production
	TCP/IP NT Protocol Adapter for Linux: Version 10.2.0.4.0 - Production
  Time: 02-DEC-2014 07:00:01
  Tracing not turned on.
  Tns error struct:
    ns main err code: 12564
    TNS-12564: TNS:connection refused
    ns secondary err code: 0
    nt main err code: 0
    nt secondary err code: 0
    nt OS err code: 0


***********************************************************************
Fatal NI connect error 12520, connecting to:
 (DESCRIPTION=(ADDRESS=(PROTOCOL=TCP)(HOST=10.20.23.37)(PORT=1521))(CONNECT_DATA=(SERVICE_NAME=RDB)(CID=(PROGRAM=read_asmm_mdss)(HOST=localhost.localdomain)(USER=mdss_user))))

  VERSION INFORMATION:
	TNS for Linux: Version 10.2.0.4.0 - Production
	TCP/IP NT Protocol Adapter for Linux: Version 10.2.0.4.0 - Production
  Time: 02-DEC-2014 07:10:01
  Tracing not turned on.
  Tns error struct:
    ns main err code: 12564
    TNS-12564: TNS:connection refused
    ns secondary err code: 0
    nt main err code: 0
    nt secondary err code: 0


***********************************************************************
Fatal NI connect error 12520, connecting to:
 (DESCRIPTION=(ADDRESS=(PROTOCOL=TCP)(HOST=10.20.23.37)(PORT=1521))(CONNECT_DATA=(SERVICE_NAME=RDB)(CID=(PROGRAM=read_asmm_mdss)(HOST=localhost.localdomain)(USER=mdss_user))))

  VERSION INFORMATION:
	TNS for Linux: Version 10.2.0.4.0 - Production
	TCP/IP NT Protocol Adapter for Linux: Version 10.2.0.4.0 - Production
  Time: 02-DEC-2014 07:10:01
  Tracing not turned on.
  Tns error struct:
    ns main err code: 12564
    TNS-12564: TNS:connection refused
    ns secondary err code: 0
    nt main err code: 0
    nt secondary err code: 0


***********************************************************************
Fatal NI connect error 12520, connecting to:
 (DESCRIPTION=(ADDRESS=(PROTOCOL=TCP)(HOST=10.20.23.37)(PORT=1521))(CONNECT_DATA=(SERVICE_NAME=RDB)(CID=(PROGRAM=read_asmm_mdss)(HOST=localhost.localdomain)(USER=mdss_user))))

  VERSION INFORMATION:
	TNS for Linux: Version 10.2.0.4.0 - Production
	TCP/IP NT Protocol Adapter for Linux: Version 10.2.0.4.0 - Production
  Time: 02-DEC-2014 07:10:01
  Tracing not turned on.
  Tns error struct:
    ns main err code: 12564
    TNS-12564: TNS:connection refused
    ns secondary err code: 0
    nt main err code: 0
    nt secondary err code: 0


***********************************************************************
Fatal NI connect error 12520, connecting to:
 (DESCRIPTION=(ADDRESS=(PROTOCOL=TCP)(HOST=10.20.23.37)(PORT=1521))(CONNECT_DATA=(SERVICE_NAME=RDB)(CID=(PROGRAM=read_asmm_mdss)(HOST=localhost.localdomain)(USER=mdss_user))))

  VERSION INFORMATION:
	TNS for Linux: Version 10.2.0.4.0 - Production
	TCP/IP NT Protocol Adapter for Linux: Version 10.2.0.4.0 - Production
  Time: 02-DEC-2014 07:20:01
  Tracing not turned on.
  Tns error struct:
    ns main err code: 12564
    TNS-12564: TNS:connection refused
    ns secondary err code: 0
    nt main err code: 0
    nt secondary err code: 0


***********************************************************************
Fatal NI connect error 12520, connecting to:
 (DESCRIPTION=(ADDRESS=(PROTOCOL=TCP)(HOST=10.20.23.37)(PORT=1521))(CONNECT_DATA=(SERVICE_NAME=RDB)(CID=(PROGRAM=read_asmm_mdss)(HOST=localhost.localdomain)(USER=mdss_user))))

  VERSION INFORMATION:
	TNS for Linux: Version 10.2.0.4.0 - Production
	TCP/IP NT Protocol Adapter for Linux: Version 10.2.0.4.0 - Production
  Time: 02-DEC-2014 07:20:01
  Tracing not turned on.
  Tns error struct:
    ns main err code: 12564
    TNS-12564: TNS:connection refused
    ns secondary err code: 0
    nt main err code: 0
    nt secondary err code: 0


***********************************************************************
Fatal NI connect error 12520, connecting to:
 (DESCRIPTION=(ADDRESS=(PROTOCOL=TCP)(HOST=10.20.23.37)(PORT=1521))(CONNECT_DATA=(SERVICE_NAME=RDB)(CID=(PROGRAM=read_asmm_mdss)(HOST=localhost.localdomain)(USER=mdss_user))))

  VERSION INFORMATION:
	TNS for Linux: Version 10.2.0.4.0 - Production
	TCP/IP NT Protocol Adapter for Linux: Version 10.2.0.4.0 - Production
  Time: 02-DEC-2014 07:20:01
  Tracing not turned on.
  Tns error struct:
    ns main err code: 12564
    TNS-12564: TNS:connection refused
    ns secondary err code: 0
    nt main err code: 0
    nt secondary err code: 0


***********************************************************************
Fatal NI connect error 12520, connecting to:
 (DESCRIPTION=(ADDRESS=(PROTOCOL=TCP)(HOST=10.20.23.37)(PORT=1521))(CONNECT_DATA=(SERVICE_NAME=RDB)(CID=(PROGRAM=read_asmm_mdss)(HOST=localhost.localdomain)(USER=mdss_user))))

  VERSION INFORMATION:
	TNS for Linux: Version 10.2.0.4.0 - Production
	TCP/IP NT Protocol Adapter for Linux: Version 10.2.0.4.0 - Production
  Time: 07-JAN-2015 21:10:01
  Tracing not turned on.
  Tns error struct:
    ns main err code: 12564
    TNS-12564: TNS:connection refused
    ns secondary err code: 0
    nt main err code: 0
    nt secondary err code: 0
    nt OS err code: 0


***********************************************************************
Fatal NI connect error 12537, connecting to:
 (DESCRIPTION=(ADDRESS=(PROTOCOL=TCP)(HOST=10.20.23.37)(PORT=1521))(CONNECT_DATA=(SERVICE_NAME=RDB)(CID=(PROGRAM=read_asmm_mdss)(HOST=localhost.localdomain)(USER=mdss_user))))

  VERSION INFORMATION:
	TNS for Linux: Version 10.2.0.4.0 - Production
	TCP/IP NT Protocol Adapter for Linux: Version 10.2.0.4.0 - Production
  Time: 25-JAN-2015 14:24:06
  Tracing not turned on.
  Tns error struct:
    ns main err code: 12537
    TNS-12537: TNS:connection closed
    ns secondary err code: 12560
    nt main err code: 507
    TNS-00507: Connection closed
    nt secondary err code: 0
    nt OS err code: 0


***********************************************************************
Fatal NI connect error 12537, connecting to:
 (DESCRIPTION=(ADDRESS=(PROTOCOL=TCP)(HOST=10.20.23.37)(PORT=1521))(CONNECT_DATA=(SERVICE_NAME=RDB)(CID=(PROGRAM=read_asmm_mdss)(HOST=localhost.localdomain)(USER=mdss_user))))

  VERSION INFORMATION:
	TNS for Linux: Version 10.2.0.4.0 - Production
	TCP/IP NT Protocol Adapter for Linux: Version 10.2.0.4.0 - Production
  Time: 22-FEB-2015 08:58:12
  Tracing not turned on.
  Tns error struct:
    ns main err code: 12537
    TNS-12537: TNS:connection closed
    ns secondary err code: 12560
    nt main err code: 507
    TNS-00507: Connection closed
    nt secondary err code: 0


***********************************************************************
Fatal NI connect error 12537, connecting to:
 (DESCRIPTION=(ADDRESS=(PROTOCOL=TCP)(HOST=10.20.23.37)(PORT=1521))(CONNECT_DATA=(SERVICE_NAME=RDB)(CID=(PROGRAM=read_asmm_mdss)(HOST=localhost.localdomain)(USER=mdss_user))))

  VERSION INFORMATION:
	TNS for Linux: Version 10.2.0.4.0 - Production
	TCP/IP NT Protocol Adapter for Linux: Version 10.2.0.4.0 - Production
  Time: 22-FEB-2015 09:46:31
  Tracing not turned on.
  Tns error struct:
    ns main err code: 12537
    TNS-12537: TNS:connection closed
    ns secondary err code: 12560
    nt main err code: 507
    TNS-00507: Connection closed
    nt secondary err code: 0


***********************************************************************
Fatal NI connect error 12514, connecting to:
 (DESCRIPTION=(ADDRESS=(PROTOCOL=TCP)(HOST=10.20.23.37)(PORT=1521))(CONNECT_DATA=(SERVICE_NAME=RDB)(CID=(PROGRAM=read_asmm_mdss)(HOST=localhost.localdomain)(USER=mdss_user))))

  VERSION INFORMATION:
	TNS for Linux: Version 10.2.0.4.0 - Production
	TCP/IP NT Protocol Adapter for Linux: Version 10.2.0.4.0 - Production
  Time: 27-FEB-2015 11:30:53
  Tracing not turned on.
  Tns error struct:
    ns main err code: 12564
    TNS-12564: TNS:connection refused
    ns secondary err code: 0
    nt main err code: 0
    nt secondary err code: 0


***********************************************************************
Fatal NI connect error 12537, connecting to:
 (DESCRIPTION=(ADDRESS=(PROTOCOL=TCP)(HOST=10.20.23.37)(PORT=1521))(CONNECT_DATA=(SERVICE_NAME=RDB)(CID=(PROGRAM=read_asmm_mdss)(HOST=localhost.localdomain)(USER=mdss_user))))

  VERSION INFORMATION:
	TNS for Linux: Version 10.2.0.4.0 - Production
	TCP/IP NT Protocol Adapter for Linux: Version 10.2.0.4.0 - Production
  Time: 10-APR-2015 19:04:22
  Tracing not turned on.
  Tns error struct:
    ns main err code: 12537
    TNS-12537: TNS:connection closed
    ns secondary err code: 12560
    nt main err code: 507
    TNS-00507: Connection closed
    nt secondary err code: 0
    nt OS err code: 0


***********************************************************************
Fatal NI connect error 12514, connecting to:
 (DESCRIPTION=(ADDRESS=(PROTOCOL=TCP)(HOST=10.20.23.37)(PORT=1521))(CONNECT_DATA=(SERVICE_NAME=RDB)(CID=(PROGRAM=read_asmm_mdss)(HOST=localhost.localdomain)(USER=mdss_user))))

  VERSION INFORMATION:
	TNS for Linux: Version 10.2.0.4.0 - Production
	TCP/IP NT Protocol Adapter for Linux: Version 10.2.0.4.0 - Production
  Time: 10-APR-2015 19:04:22
  Tracing not turned on.
  Tns error struct:
    ns main err code: 12564
    TNS-12564: TNS:connection refused
    ns secondary err code: 0
    nt main err code: 0
    nt secondary err code: 0


***********************************************************************
Fatal NI connect error 12516, connecting to:
 (DESCRIPTION=(ADDRESS=(PROTOCOL=TCP)(HOST=10.20.23.37)(PORT=1521))(CONNECT_DATA=(SERVICE_NAME=RDB)(CID=(PROGRAM=read_asmm_mdss)(HOST=localhost.localdomain)(USER=mdss_user))))

  VERSION INFORMATION:
	TNS for Linux: Version 10.2.0.4.0 - Production
	TCP/IP NT Protocol Adapter for Linux: Version 10.2.0.4.0 - Production
  Time: 10-APR-2015 19:10:01
  Tracing not turned on.
  Tns error struct:
    ns main err code: 12564
    TNS-12564: TNS:connection refused
    ns secondary err code: 0
    nt main err code: 0
    nt secondary err code: 0


***********************************************************************
Fatal NI connect error 12545, connecting to:
 (DESCRIPTION=(ADDRESS=(PROTOCOL=TCP)(HOST=10.20.23.37)(PORT=1521))(CONNECT_DATA=(SERVICE_NAME=RDB)(CID=(PROGRAM=read_asmm_mdss)(HOST=localhost.localdomain)(USER=mdss_user))))

  VERSION INFORMATION:
	TNS for Linux: Version 10.2.0.4.0 - Production
	TCP/IP NT Protocol Adapter for Linux: Version 10.2.0.4.0 - Production
  Time: 10-APR-2015 19:20:01
  Tracing not turned on.
  Tns error struct:
    ns main err code: 12545
    TNS-12545: Connect failed because target host or object does not exist
    ns secondary err code: 12560
    nt main err code: 515
    TNS-00515: Connect failed because target host or object does not exist
    nt secondary err code: 11


***********************************************************************
Fatal NI connect error 12545, connecting to:
 (DESCRIPTION=(ADDRESS=(PROTOCOL=TCP)(HOST=10.20.23.37)(PORT=1521))(CONNECT_DATA=(SERVICE_NAME=RDB)(CID=(PROGRAM=read_asmm_mdss)(HOST=localhost.localdomain)(USER=mdss_user))))

  VERSION INFORMATION:
	TNS for Linux: Version 10.2.0.4.0 - Production
	TCP/IP NT Protocol Adapter for Linux: Version 10.2.0.4.0 - Production
  Time: 10-APR-2015 19:30:01
  Tracing not turned on.
  Tns error struct:
    ns main err code: 12545
    TNS-12545: Connect failed because target host or object does not exist
    ns secondary err code: 12560
    nt main err code: 515
    TNS-00515: Connect failed because target host or object does not exist
    nt secondary err code: 11


***********************************************************************
Fatal NI connect error 12545, connecting to:
 (DESCRIPTION=(ADDRESS=(PROTOCOL=TCP)(HOST=10.20.23.37)(PORT=1521))(CONNECT_DATA=(SERVICE_NAME=RDB)(CID=(PROGRAM=read_asmm_mdss)(HOST=localhost.localdomain)(USER=mdss_user))))

  VERSION INFORMATION:
	TNS for Linux: Version 10.2.0.4.0 - Production
	TCP/IP NT Protocol Adapter for Linux: Version 10.2.0.4.0 - Production
  Time: 10-APR-2015 19:40:01
  Tracing not turned on.
  Tns error struct:
    ns main err code: 12545
    TNS-12545: Connect failed because target host or object does not exist
    ns secondary err code: 12560
    nt main err code: 515
    TNS-00515: Connect failed because target host or object does not exist
    nt secondary err code: 11


***********************************************************************
Fatal NI connect error 12545, connecting to:
 (DESCRIPTION=(ADDRESS=(PROTOCOL=TCP)(HOST=10.20.23.37)(PORT=1521))(CONNECT_DATA=(SERVICE_NAME=RDB)(CID=(PROGRAM=read_asmm_mdss)(HOST=localhost.localdomain)(USER=mdss_user))))

  VERSION INFORMATION:
	TNS for Linux: Version 10.2.0.4.0 - Production
	TCP/IP NT Protocol Adapter for Linux: Version 10.2.0.4.0 - Production
  Time: 10-APR-2015 19:50:01
  Tracing not turned on.
  Tns error struct:
    ns main err code: 12545
    TNS-12545: Connect failed because target host or object does not exist
    ns secondary err code: 12560
    nt main err code: 515
    TNS-00515: Connect failed because target host or object does not exist
    nt secondary err code: 11


***********************************************************************
Fatal NI connect error 12545, connecting to:
 (DESCRIPTION=(ADDRESS=(PROTOCOL=TCP)(HOST=10.20.23.37)(PORT=1521))(CONNECT_DATA=(SERVICE_NAME=RDB)(CID=(PROGRAM=read_asmm_mdss)(HOST=localhost.localdomain)(USER=mdss_user))))

  VERSION INFORMATION:
	TNS for Linux: Version 10.2.0.4.0 - Production
	TCP/IP NT Protocol Adapter for Linux: Version 10.2.0.4.0 - Production
  Time: 10-APR-2015 20:00:02
  Tracing not turned on.
  Tns error struct:
    ns main err code: 12545
    TNS-12545: Connect failed because target host or object does not exist
    ns secondary err code: 12560
    nt main err code: 515
    TNS-00515: Connect failed because target host or object does not exist
    nt secondary err code: 11


***********************************************************************
Fatal NI connect error 12545, connecting to:
 (DESCRIPTION=(ADDRESS=(PROTOCOL=TCP)(HOST=10.20.23.37)(PORT=1521))(CONNECT_DATA=(SERVICE_NAME=RDB)(CID=(PROGRAM=read_asmm_mdss)(HOST=localhost.localdomain)(USER=mdss_user))))

  VERSION INFORMATION:
	TNS for Linux: Version 10.2.0.4.0 - Production
	TCP/IP NT Protocol Adapter for Linux: Version 10.2.0.4.0 - Production
  Time: 10-APR-2015 20:10:01
  Tracing not turned on.
  Tns error struct:
    ns main err code: 12545
    TNS-12545: Connect failed because target host or object does not exist
    ns secondary err code: 12560
    nt main err code: 515
    TNS-00515: Connect failed because target host or object does not exist
    nt secondary err code: 11


***********************************************************************
Fatal NI connect error 12545, connecting to:
 (DESCRIPTION=(ADDRESS=(PROTOCOL=TCP)(HOST=10.20.23.37)(PORT=1521))(CONNECT_DATA=(SERVICE_NAME=RDB)(CID=(PROGRAM=read_asmm_mdss)(HOST=localhost.localdomain)(USER=mdss_user))))

  VERSION INFORMATION:
	TNS for Linux: Version 10.2.0.4.0 - Production
	TCP/IP NT Protocol Adapter for Linux: Version 10.2.0.4.0 - Production
  Time: 10-APR-2015 20:20:01
  Tracing not turned on.
  Tns error struct:
    ns main err code: 12545
    TNS-12545: Connect failed because target host or object does not exist
    ns secondary err code: 12560
    nt main err code: 515
    TNS-00515: Connect failed because target host or object does not exist
    nt secondary err code: 11


***********************************************************************
Fatal NI connect error 12545, connecting to:
 (DESCRIPTION=(ADDRESS=(PROTOCOL=TCP)(HOST=10.20.23.37)(PORT=1521))(CONNECT_DATA=(SERVICE_NAME=RDB)(CID=(PROGRAM=read_asmm_mdss)(HOST=localhost.localdomain)(USER=mdss_user))))

  VERSION INFORMATION:
	TNS for Linux: Version 10.2.0.4.0 - Production
	TCP/IP NT Protocol Adapter for Linux: Version 10.2.0.4.0 - Production
  Time: 10-APR-2015 20:30:01
  Tracing not turned on.
  Tns error struct:
    ns main err code: 12545
    TNS-12545: Connect failed because target host or object does not exist
    ns secondary err code: 12560
    nt main err code: 515
    TNS-00515: Connect failed because target host or object does not exist
    nt secondary err code: 11


***********************************************************************
Fatal NI connect error 12545, connecting to:
 (DESCRIPTION=(ADDRESS=(PROTOCOL=TCP)(HOST=10.20.23.37)(PORT=1521))(CONNECT_DATA=(SERVICE_NAME=RDB)(CID=(PROGRAM=read_asmm_mdss)(HOST=localhost.localdomain)(USER=mdss_user))))

  VERSION INFORMATION:
	TNS for Linux: Version 10.2.0.4.0 - Production
	TCP/IP NT Protocol Adapter for Linux: Version 10.2.0.4.0 - Production
  Time: 10-APR-2015 20:40:02
  Tracing not turned on.
  Tns error struct:
    ns main err code: 12545
    TNS-12545: Connect failed because target host or object does not exist
    ns secondary err code: 12560
    nt main err code: 515
    TNS-00515: Connect failed because target host or object does not exist
    nt secondary err code: 11
    nt OS err code: 0


***********************************************************************
Fatal NI connect error 12545, connecting to:
 (DESCRIPTION=(ADDRESS=(PROTOCOL=TCP)(HOST=10.20.23.37)(PORT=1521))(CONNECT_DATA=(SERVICE_NAME=RDB)(CID=(PROGRAM=read_asmm_mdss)(HOST=localhost.localdomain)(USER=mdss_user))))

  VERSION INFORMATION:
	TNS for Linux: Version 10.2.0.4.0 - Production
	TCP/IP NT Protocol Adapter for Linux: Version 10.2.0.4.0 - Production
  Time: 10-APR-2015 20:50:01
  Tracing not turned on.
  Tns error struct:
    ns main err code: 12545
    TNS-12545: Connect failed because target host or object does not exist
    ns secondary err code: 12560
    nt main err code: 515
    TNS-00515: Connect failed because target host or object does not exist
    nt secondary err code: 11


***********************************************************************
Fatal NI connect error 12545, connecting to:
 (DESCRIPTION=(ADDRESS=(PROTOCOL=TCP)(HOST=10.20.23.37)(PORT=1521))(CONNECT_DATA=(SERVICE_NAME=RDB)(CID=(PROGRAM=read_asmm_mdss)(HOST=localhost.localdomain)(USER=mdss_user))))

  VERSION INFORMATION:
	TNS for Linux: Version 10.2.0.4.0 - Production
	TCP/IP NT Protocol Adapter for Linux: Version 10.2.0.4.0 - Production
  Time: 10-APR-2015 21:00:01
  Tracing not turned on.
  Tns error struct:
    ns main err code: 12545
    TNS-12545: Connect failed because target host or object does not exist
    ns secondary err code: 12560
    nt main err code: 515
    TNS-00515: Connect failed because target host or object does not exist
    nt secondary err code: 11


***********************************************************************
Fatal NI connect error 12545, connecting to:
 (DESCRIPTION=(ADDRESS=(PROTOCOL=TCP)(HOST=10.20.23.37)(PORT=1521))(CONNECT_DATA=(SERVICE_NAME=RDB)(CID=(PROGRAM=read_asmm_mdss)(HOST=localhost.localdomain)(USER=mdss_user))))

  VERSION INFORMATION:
	TNS for Linux: Version 10.2.0.4.0 - Production
	TCP/IP NT Protocol Adapter for Linux: Version 10.2.0.4.0 - Production
  Time: 10-APR-2015 21:10:01
  Tracing not turned on.
  Tns error struct:
    ns main err code: 12545
    TNS-12545: Connect failed because target host or object does not exist
    ns secondary err code: 12560
    nt main err code: 515
    TNS-00515: Connect failed because target host or object does not exist
    nt secondary err code: 11


***********************************************************************
Fatal NI connect error 12545, connecting to:
 (DESCRIPTION=(ADDRESS=(PROTOCOL=TCP)(HOST=10.20.23.37)(PORT=1521))(CONNECT_DATA=(SERVICE_NAME=RDB)(CID=(PROGRAM=read_asmm_mdss)(HOST=localhost.localdomain)(USER=mdss_user))))

  VERSION INFORMATION:
	TNS for Linux: Version 10.2.0.4.0 - Production
	TCP/IP NT Protocol Adapter for Linux: Version 10.2.0.4.0 - Production
  Time: 10-APR-2015 21:20:01
  Tracing not turned on.
  Tns error struct:
    ns main err code: 12545
    TNS-12545: Connect failed because target host or object does not exist
    ns secondary err code: 12560
    nt main err code: 515
    TNS-00515: Connect failed because target host or object does not exist
    nt secondary err code: 11


***********************************************************************
Fatal NI connect error 12545, connecting to:
 (DESCRIPTION=(ADDRESS=(PROTOCOL=TCP)(HOST=10.20.23.37)(PORT=1521))(CONNECT_DATA=(SERVICE_NAME=RDB)(CID=(PROGRAM=read_asmm_mdss)(HOST=localhost.localdomain)(USER=mdss_user))))

  VERSION INFORMATION:
	TNS for Linux: Version 10.2.0.4.0 - Production
	TCP/IP NT Protocol Adapter for Linux: Version 10.2.0.4.0 - Production
  Time: 10-APR-2015 21:30:01
  Tracing not turned on.
  Tns error struct:
    ns main err code: 12545
    TNS-12545: Connect failed because target host or object does not exist
    ns secondary err code: 12560
    nt main err code: 515
    TNS-00515: Connect failed because target host or object does not exist
    nt secondary err code: 11


***********************************************************************
Fatal NI connect error 12514, connecting to:
 (DESCRIPTION=(ADDRESS=(PROTOCOL=TCP)(HOST=10.20.23.37)(PORT=1521))(CONNECT_DATA=(SERVICE_NAME=RDB)(CID=(PROGRAM=read_asmm_mdss)(HOST=localhost.localdomain)(USER=mdss_user))))

  VERSION INFORMATION:
	TNS for Linux: Version 10.2.0.4.0 - Production
	TCP/IP NT Protocol Adapter for Linux: Version 10.2.0.4.0 - Production
  Time: 10-APR-2015 21:40:01
  Tracing not turned on.
  Tns error struct:
    ns main err code: 12564
    TNS-12564: TNS:connection refused
    ns secondary err code: 0
    nt main err code: 0
    nt secondary err code: 0


***********************************************************************
Fatal NI connect error 12545, connecting to:
 (DESCRIPTION=(ADDRESS=(PROTOCOL=TCP)(HOST=10.20.23.37)(PORT=1521))(CONNECT_DATA=(SERVICE_NAME=RDB)(CID=(PROGRAM=read_asmm_mdss)(HOST=localhost.localdomain)(USER=mdss_user))))

  VERSION INFORMATION:
	TNS for Linux: Version 10.2.0.4.0 - Production
	TCP/IP NT Protocol Adapter for Linux: Version 10.2.0.4.0 - Production
  Time: 10-APR-2015 21:50:01
  Tracing not turned on.
  Tns error struct:
    ns main err code: 12545
    TNS-12545: Connect failed because target host or object does not exist
    ns secondary err code: 12560
    nt main err code: 515
    TNS-00515: Connect failed because target host or object does not exist
    nt secondary err code: 11


***********************************************************************
Fatal NI connect error 12545, connecting to:
 (DESCRIPTION=(ADDRESS=(PROTOCOL=TCP)(HOST=10.20.23.37)(PORT=1521))(CONNECT_DATA=(SERVICE_NAME=RDB)(CID=(PROGRAM=read_asmm_mdss)(HOST=localhost.localdomain)(USER=mdss_user))))

  VERSION INFORMATION:
	TNS for Linux: Version 10.2.0.4.0 - Production
	TCP/IP NT Protocol Adapter for Linux: Version 10.2.0.4.0 - Production
  Time: 10-APR-2015 22:00:01
  Tracing not turned on.
  Tns error struct:
    ns main err code: 12545
    TNS-12545: Connect failed because target host or object does not exist
    ns secondary err code: 12560
    nt main err code: 515
    TNS-00515: Connect failed because target host or object does not exist
    nt secondary err code: 11


***********************************************************************
Fatal NI connect error 12545, connecting to:
 (DESCRIPTION=(ADDRESS=(PROTOCOL=TCP)(HOST=10.20.23.37)(PORT=1521))(CONNECT_DATA=(SERVICE_NAME=RDB)(CID=(PROGRAM=read_asmm_mdss)(HOST=localhost.localdomain)(USER=mdss_user))))

  VERSION INFORMATION:
	TNS for Linux: Version 10.2.0.4.0 - Production
	TCP/IP NT Protocol Adapter for Linux: Version 10.2.0.4.0 - Production
  Time: 10-APR-2015 22:10:01
  Tracing not turned on.
  Tns error struct:
    ns main err code: 12545
    TNS-12545: Connect failed because target host or object does not exist
    ns secondary err code: 12560
    nt main err code: 515
    TNS-00515: Connect failed because target host or object does not exist
    nt secondary err code: 11


***********************************************************************
Fatal NI connect error 12545, connecting to:
 (DESCRIPTION=(ADDRESS=(PROTOCOL=TCP)(HOST=10.20.23.37)(PORT=1521))(CONNECT_DATA=(SERVICE_NAME=RDB)(CID=(PROGRAM=read_asmm_mdss)(HOST=localhost.localdomain)(USER=mdss_user))))

  VERSION INFORMATION:
	TNS for Linux: Version 10.2.0.4.0 - Production
	TCP/IP NT Protocol Adapter for Linux: Version 10.2.0.4.0 - Production
  Time: 10-APR-2015 22:20:01
  Tracing not turned on.
  Tns error struct:
    ns main err code: 12545
    TNS-12545: Connect failed because target host or object does not exist
    ns secondary err code: 12560
    nt main err code: 515
    TNS-00515: Connect failed because target host or object does not exist
    nt secondary err code: 11


***********************************************************************
Fatal NI connect error 12545, connecting to:
 (DESCRIPTION=(ADDRESS=(PROTOCOL=TCP)(HOST=10.20.23.37)(PORT=1521))(CONNECT_DATA=(SERVICE_NAME=RDB)(CID=(PROGRAM=read_asmm_mdss)(HOST=localhost.localdomain)(USER=mdss_user))))

  VERSION INFORMATION:
	TNS for Linux: Version 10.2.0.4.0 - Production
	TCP/IP NT Protocol Adapter for Linux: Version 10.2.0.4.0 - Production
  Time: 10-APR-2015 22:30:01
  Tracing not turned on.
  Tns error struct:
    ns main err code: 12545
    TNS-12545: Connect failed because target host or object does not exist
    ns secondary err code: 12560
    nt main err code: 515
    TNS-00515: Connect failed because target host or object does not exist
    nt secondary err code: 11


***********************************************************************
Fatal NI connect error 12545, connecting to:
 (DESCRIPTION=(ADDRESS=(PROTOCOL=TCP)(HOST=10.20.23.37)(PORT=1521))(CONNECT_DATA=(SERVICE_NAME=RDB)(CID=(PROGRAM=read_asmm_mdss)(HOST=localhost.localdomain)(USER=mdss_user))))

  VERSION INFORMATION:
	TNS for Linux: Version 10.2.0.4.0 - Production
	TCP/IP NT Protocol Adapter for Linux: Version 10.2.0.4.0 - Production
  Time: 10-APR-2015 22:40:01
  Tracing not turned on.
  Tns error struct:
    ns main err code: 12545
    TNS-12545: Connect failed because target host or object does not exist
    ns secondary err code: 12560
    nt main err code: 515
    TNS-00515: Connect failed because target host or object does not exist
    nt secondary err code: 11


***********************************************************************
Fatal NI connect error 12545, connecting to:
 (DESCRIPTION=(ADDRESS=(PROTOCOL=TCP)(HOST=10.20.23.37)(PORT=1521))(CONNECT_DATA=(SERVICE_NAME=RDB)(CID=(PROGRAM=read_asmm_mdss)(HOST=localhost.localdomain)(USER=mdss_user))))

  VERSION INFORMATION:
	TNS for Linux: Version 10.2.0.4.0 - Production
	TCP/IP NT Protocol Adapter for Linux: Version 10.2.0.4.0 - Production
  Time: 11-APR-2015 10:20:01
  Tracing not turned on.
  Tns error struct:
    ns main err code: 12545
    TNS-12545: Connect failed because target host or object does not exist
    ns secondary err code: 12560
    nt main err code: 515
    TNS-00515: Connect failed because target host or object does not exist
    nt secondary err code: 11


***********************************************************************
Fatal NI connect error 12545, connecting to:
 (DESCRIPTION=(ADDRESS=(PROTOCOL=TCP)(HOST=10.20.23.37)(PORT=1521))(CONNECT_DATA=(SERVICE_NAME=RDB)(CID=(PROGRAM=read_asmm_mdss)(HOST=localhost.localdomain)(USER=mdss_user))))

  VERSION INFORMATION:
	TNS for Linux: Version 10.2.0.4.0 - Production
	TCP/IP NT Protocol Adapter for Linux: Version 10.2.0.4.0 - Production
  Time: 11-APR-2015 10:30:01
  Tracing not turned on.
  Tns error struct:
    ns main err code: 12545
    TNS-12545: Connect failed because target host or object does not exist
    ns secondary err code: 12560
    nt main err code: 515
    TNS-00515: Connect failed because target host or object does not exist
    nt secondary err code: 11


***********************************************************************
Fatal NI connect error 12545, connecting to:
 (DESCRIPTION=(ADDRESS=(PROTOCOL=TCP)(HOST=10.20.23.37)(PORT=1521))(CONNECT_DATA=(SERVICE_NAME=RDB)(CID=(PROGRAM=read_asmm_mdss)(HOST=localhost.localdomain)(USER=mdss_user))))

  VERSION INFORMATION:
	TNS for Linux: Version 10.2.0.4.0 - Production
	TCP/IP NT Protocol Adapter for Linux: Version 10.2.0.4.0 - Production
  Time: 11-APR-2015 10:40:01
  Tracing not turned on.
  Tns error struct:
    ns main err code: 12545
    TNS-12545: Connect failed because target host or object does not exist
    ns secondary err code: 12560
    nt main err code: 515
    TNS-00515: Connect failed because target host or object does not exist
    nt secondary err code: 11


***********************************************************************
Fatal NI connect error 12545, connecting to:
 (DESCRIPTION=(ADDRESS=(PROTOCOL=TCP)(HOST=10.20.23.37)(PORT=1521))(CONNECT_DATA=(SERVICE_NAME=RDB)(CID=(PROGRAM=read_asmm_mdss)(HOST=localhost.localdomain)(USER=mdss_user))))

  VERSION INFORMATION:
	TNS for Linux: Version 10.2.0.4.0 - Production
	TCP/IP NT Protocol Adapter for Linux: Version 10.2.0.4.0 - Production
  Time: 11-APR-2015 10:50:01
  Tracing not turned on.
  Tns error struct:
    ns main err code: 12545
    TNS-12545: Connect failed because target host or object does not exist
    ns secondary err code: 12560
    nt main err code: 515
    TNS-00515: Connect failed because target host or object does not exist
    nt secondary err code: 11


***********************************************************************
Fatal NI connect error 12545, connecting to:
 (DESCRIPTION=(ADDRESS=(PROTOCOL=TCP)(HOST=10.20.23.37)(PORT=1521))(CONNECT_DATA=(SERVICE_NAME=RDB)(CID=(PROGRAM=read_asmm_mdss)(HOST=localhost.localdomain)(USER=mdss_user))))

  VERSION INFORMATION:
	TNS for Linux: Version 10.2.0.4.0 - Production
	TCP/IP NT Protocol Adapter for Linux: Version 10.2.0.4.0 - Production
  Time: 11-APR-2015 11:00:01
  Tracing not turned on.
  Tns error struct:
    ns main err code: 12545
    TNS-12545: Connect failed because target host or object does not exist
    ns secondary err code: 12560
    nt main err code: 515
    TNS-00515: Connect failed because target host or object does not exist
    nt secondary err code: 11


***********************************************************************
Fatal NI connect error 12545, connecting to:
 (DESCRIPTION=(ADDRESS=(PROTOCOL=TCP)(HOST=10.20.23.37)(PORT=1521))(CONNECT_DATA=(SERVICE_NAME=RDB)(CID=(PROGRAM=read_asmm_mdss)(HOST=localhost.localdomain)(USER=mdss_user))))

  VERSION INFORMATION:
	TNS for Linux: Version 10.2.0.4.0 - Production
	TCP/IP NT Protocol Adapter for Linux: Version 10.2.0.4.0 - Production
  Time: 11-APR-2015 13:00:02
  Tracing not turned on.
  Tns error struct:
    ns main err code: 12545
    TNS-12545: Connect failed because target host or object does not exist
    ns secondary err code: 12560
    nt main err code: 515
    TNS-00515: Connect failed because target host or object does not exist
    nt secondary err code: 11


***********************************************************************
Fatal NI connect error 12545, connecting to:
 (DESCRIPTION=(ADDRESS=(PROTOCOL=TCP)(HOST=10.20.23.37)(PORT=1521))(CONNECT_DATA=(SERVICE_NAME=RDB)(CID=(PROGRAM=read_asmm_mdss)(HOST=localhost.localdomain)(USER=mdss_user))))

  VERSION INFORMATION:
	TNS for Linux: Version 10.2.0.4.0 - Production
	TCP/IP NT Protocol Adapter for Linux: Version 10.2.0.4.0 - Production
  Time: 11-APR-2015 13:50:02
  Tracing not turned on.
  Tns error struct:
    ns main err code: 12545
    TNS-12545: Connect failed because target host or object does not exist
    ns secondary err code: 12560
    nt main err code: 515
    TNS-00515: Connect failed because target host or object does not exist
    nt secondary err code: 11


***********************************************************************
Fatal NI connect error 12545, connecting to:
 (DESCRIPTION=(ADDRESS=(PROTOCOL=TCP)(HOST=10.20.23.37)(PORT=1521))(CONNECT_DATA=(SERVICE_NAME=RDB)(CID=(PROGRAM=read_asmm_mdss)(HOST=localhost.localdomain)(USER=mdss_user))))

  VERSION INFORMATION:
	TNS for Linux: Version 10.2.0.4.0 - Production
	TCP/IP NT Protocol Adapter for Linux: Version 10.2.0.4.0 - Production
  Time: 11-APR-2015 14:30:01
  Tracing not turned on.
  Tns error struct:
    ns main err code: 12545
    TNS-12545: Connect failed because target host or object does not exist
    ns secondary err code: 12560
    nt main err code: 515
    TNS-00515: Connect failed because target host or object does not exist
    nt secondary err code: 11


***********************************************************************
Fatal NI connect error 12545, connecting to:
 (DESCRIPTION=(ADDRESS=(PROTOCOL=TCP)(HOST=10.20.23.37)(PORT=1521))(CONNECT_DATA=(SERVICE_NAME=RDB)(CID=(PROGRAM=read_asmm_mdss)(HOST=localhost.localdomain)(USER=mdss_user))))

  VERSION INFORMATION:
	TNS for Linux: Version 10.2.0.4.0 - Production
	TCP/IP NT Protocol Adapter for Linux: Version 10.2.0.4.0 - Production
  Time: 11-APR-2015 14:50:01
  Tracing not turned on.
  Tns error struct:
    ns main err code: 12545
    TNS-12545: Connect failed because target host or object does not exist
    ns secondary err code: 12560
    nt main err code: 515
    TNS-00515: Connect failed because target host or object does not exist
    nt secondary err code: 11


***********************************************************************
Fatal NI connect error 12545, connecting to:
 (DESCRIPTION=(ADDRESS=(PROTOCOL=TCP)(HOST=10.20.23.37)(PORT=1521))(CONNECT_DATA=(SERVICE_NAME=RDB)(CID=(PROGRAM=read_asmm_mdss)(HOST=localhost.localdomain)(USER=mdss_user))))

  VERSION INFORMATION:
	TNS for Linux: Version 10.2.0.4.0 - Production
	TCP/IP NT Protocol Adapter for Linux: Version 10.2.0.4.0 - Production
  Time: 11-APR-2015 15:00:01
  Tracing not turned on.
  Tns error struct:
    ns main err code: 12545
    TNS-12545: Connect failed because target host or object does not exist
    ns secondary err code: 12560
    nt main err code: 515
    TNS-00515: Connect failed because target host or object does not exist
    nt secondary err code: 11


***********************************************************************
Fatal NI connect error 12545, connecting to:
 (DESCRIPTION=(ADDRESS=(PROTOCOL=TCP)(HOST=10.20.23.37)(PORT=1521))(CONNECT_DATA=(SERVICE_NAME=RDB)(CID=(PROGRAM=read_asmm_mdss)(HOST=localhost.localdomain)(USER=mdss_user))))

  VERSION INFORMATION:
	TNS for Linux: Version 10.2.0.4.0 - Production
	TCP/IP NT Protocol Adapter for Linux: Version 10.2.0.4.0 - Production
  Time: 11-APR-2015 15:20:01
  Tracing not turned on.
  Tns error struct:
    ns main err code: 12545
    TNS-12545: Connect failed because target host or object does not exist
    ns secondary err code: 12560
    nt main err code: 515
    TNS-00515: Connect failed because target host or object does not exist
    nt secondary err code: 11


***********************************************************************
Fatal NI connect error 12545, connecting to:
 (DESCRIPTION=(ADDRESS=(PROTOCOL=TCP)(HOST=10.20.23.37)(PORT=1521))(CONNECT_DATA=(SERVICE_NAME=RDB)(CID=(PROGRAM=read_asmm_mdss)(HOST=localhost.localdomain)(USER=mdss_user))))

  VERSION INFORMATION:
	TNS for Linux: Version 10.2.0.4.0 - Production
	TCP/IP NT Protocol Adapter for Linux: Version 10.2.0.4.0 - Production
  Time: 11-APR-2015 16:00:01
  Tracing not turned on.
  Tns error struct:
    ns main err code: 12545
    TNS-12545: Connect failed because target host or object does not exist
    ns secondary err code: 12560
    nt main err code: 515
    TNS-00515: Connect failed because target host or object does not exist
    nt secondary err code: 11


***********************************************************************
Fatal NI connect error 12545, connecting to:
 (DESCRIPTION=(ADDRESS=(PROTOCOL=TCP)(HOST=10.20.23.37)(PORT=1521))(CONNECT_DATA=(SERVICE_NAME=RDB)(CID=(PROGRAM=read_asmm_mdss)(HOST=localhost.localdomain)(USER=mdss_user))))

  VERSION INFORMATION:
	TNS for Linux: Version 10.2.0.4.0 - Production
	TCP/IP NT Protocol Adapter for Linux: Version 10.2.0.4.0 - Production
  Time: 11-APR-2015 16:20:01
  Tracing not turned on.
  Tns error struct:
    ns main err code: 12545
    TNS-12545: Connect failed because target host or object does not exist
    ns secondary err code: 12560
    nt main err code: 515
    TNS-00515: Connect failed because target host or object does not exist
    nt secondary err code: 11


***********************************************************************
Fatal NI connect error 12545, connecting to:
 (DESCRIPTION=(ADDRESS=(PROTOCOL=TCP)(HOST=10.20.23.37)(PORT=1521))(CONNECT_DATA=(SERVICE_NAME=RDB)(CID=(PROGRAM=read_asmm_mdss)(HOST=localhost.localdomain)(USER=mdss_user))))

  VERSION INFORMATION:
	TNS for Linux: Version 10.2.0.4.0 - Production
	TCP/IP NT Protocol Adapter for Linux: Version 10.2.0.4.0 - Production
  Time: 11-APR-2015 16:30:01
  Tracing not turned on.
  Tns error struct:
    ns main err code: 12545
    TNS-12545: Connect failed because target host or object does not exist
    ns secondary err code: 12560
    nt main err code: 515
    TNS-00515: Connect failed because target host or object does not exist
    nt secondary err code: 11


***********************************************************************
Fatal NI connect error 12545, connecting to:
 (DESCRIPTION=(ADDRESS=(PROTOCOL=TCP)(HOST=10.20.23.37)(PORT=1521))(CONNECT_DATA=(SERVICE_NAME=RDB)(CID=(PROGRAM=read_asmm_mdss)(HOST=localhost.localdomain)(USER=mdss_user))))

  VERSION INFORMATION:
	TNS for Linux: Version 10.2.0.4.0 - Production
	TCP/IP NT Protocol Adapter for Linux: Version 10.2.0.4.0 - Production
  Time: 11-APR-2015 16:50:01
  Tracing not turned on.
  Tns error struct:
    ns main err code: 12545
    TNS-12545: Connect failed because target host or object does not exist
    ns secondary err code: 12560
    nt main err code: 515
    TNS-00515: Connect failed because target host or object does not exist
    nt secondary err code: 11


***********************************************************************
Fatal NI connect error 12545, connecting to:
 (DESCRIPTION=(ADDRESS=(PROTOCOL=TCP)(HOST=10.20.23.37)(PORT=1521))(CONNECT_DATA=(SERVICE_NAME=RDB)(CID=(PROGRAM=read_asmm_mdss)(HOST=localhost.localdomain)(USER=mdss_user))))

  VERSION INFORMATION:
	TNS for Linux: Version 10.2.0.4.0 - Production
	TCP/IP NT Protocol Adapter for Linux: Version 10.2.0.4.0 - Production
  Time: 11-APR-2015 17:00:01
  Tracing not turned on.
  Tns error struct:
    ns main err code: 12545
    TNS-12545: Connect failed because target host or object does not exist
    ns secondary err code: 12560
    nt main err code: 515
    TNS-00515: Connect failed because target host or object does not exist
    nt secondary err code: 11


***********************************************************************
Fatal NI connect error 12545, connecting to:
 (DESCRIPTION=(ADDRESS=(PROTOCOL=TCP)(HOST=10.20.23.37)(PORT=1521))(CONNECT_DATA=(SERVICE_NAME=RDB)(CID=(PROGRAM=read_asmm_mdss)(HOST=localhost.localdomain)(USER=mdss_user))))

  VERSION INFORMATION:
	TNS for Linux: Version 10.2.0.4.0 - Production
	TCP/IP NT Protocol Adapter for Linux: Version 10.2.0.4.0 - Production
  Time: 11-APR-2015 17:10:01
  Tracing not turned on.
  Tns error struct:
    ns main err code: 12545
    TNS-12545: Connect failed because target host or object does not exist
    ns secondary err code: 12560
    nt main err code: 515
    TNS-00515: Connect failed because target host or object does not exist
    nt secondary err code: 11


***********************************************************************
Fatal NI connect error 12545, connecting to:
 (DESCRIPTION=(ADDRESS=(PROTOCOL=TCP)(HOST=10.20.23.37)(PORT=1521))(CONNECT_DATA=(SERVICE_NAME=RDB)(CID=(PROGRAM=read_asmm_mdss)(HOST=localhost.localdomain)(USER=mdss_user))))

  VERSION INFORMATION:
	TNS for Linux: Version 10.2.0.4.0 - Production
	TCP/IP NT Protocol Adapter for Linux: Version 10.2.0.4.0 - Production
  Time: 11-APR-2015 17:30:02
  Tracing not turned on.
  Tns error struct:
    ns main err code: 12545
    TNS-12545: Connect failed because target host or object does not exist
    ns secondary err code: 12560
    nt main err code: 515
    TNS-00515: Connect failed because target host or object does not exist
    nt secondary err code: 11


***********************************************************************
Fatal NI connect error 12545, connecting to:
 (DESCRIPTION=(ADDRESS=(PROTOCOL=TCP)(HOST=10.20.23.37)(PORT=1521))(CONNECT_DATA=(SERVICE_NAME=RDB)(CID=(PROGRAM=read_asmm_mdss)(HOST=localhost.localdomain)(USER=mdss_user))))

  VERSION INFORMATION:
	TNS for Linux: Version 10.2.0.4.0 - Production
	TCP/IP NT Protocol Adapter for Linux: Version 10.2.0.4.0 - Production
  Time: 11-APR-2015 17:40:02
  Tracing not turned on.
  Tns error struct:
    ns main err code: 12545
    TNS-12545: Connect failed because target host or object does not exist
    ns secondary err code: 12560
    nt main err code: 515
    TNS-00515: Connect failed because target host or object does not exist
    nt secondary err code: 11


***********************************************************************
Fatal NI connect error 12545, connecting to:
 (DESCRIPTION=(ADDRESS=(PROTOCOL=TCP)(HOST=10.20.23.37)(PORT=1521))(CONNECT_DATA=(SERVICE_NAME=RDB)(CID=(PROGRAM=read_asmm_mdss)(HOST=localhost.localdomain)(USER=mdss_user))))

  VERSION INFORMATION:
	TNS for Linux: Version 10.2.0.4.0 - Production
	TCP/IP NT Protocol Adapter for Linux: Version 10.2.0.4.0 - Production
  Time: 11-APR-2015 18:10:01
  Tracing not turned on.
  Tns error struct:
    ns main err code: 12545
    TNS-12545: Connect failed because target host or object does not exist
    ns secondary err code: 12560
    nt main err code: 515
    TNS-00515: Connect failed because target host or object does not exist
    nt secondary err code: 11
    nt OS err code: 0


***********************************************************************
Fatal NI connect error 12545, connecting to:
 (DESCRIPTION=(ADDRESS=(PROTOCOL=TCP)(HOST=10.20.23.37)(PORT=1521))(CONNECT_DATA=(SERVICE_NAME=RDB)(CID=(PROGRAM=read_asmm_mdss)(HOST=localhost.localdomain)(USER=mdss_user))))

  VERSION INFORMATION:
	TNS for Linux: Version 10.2.0.4.0 - Production
	TCP/IP NT Protocol Adapter for Linux: Version 10.2.0.4.0 - Production
  Time: 11-APR-2015 21:50:01
  Tracing not turned on.
  Tns error struct:
    ns main err code: 12545
    TNS-12545: Connect failed because target host or object does not exist
    ns secondary err code: 12560
    nt main err code: 515
    TNS-00515: Connect failed because target host or object does not exist
    nt secondary err code: 11
    nt OS err code: 0


***********************************************************************
Fatal NI connect error 12545, connecting to:
 (DESCRIPTION=(ADDRESS=(PROTOCOL=TCP)(HOST=10.20.23.37)(PORT=1521))(CONNECT_DATA=(SERVICE_NAME=RDB)(CID=(PROGRAM=read_asmm_mdss)(HOST=localhost.localdomain)(USER=mdss_user))))

  VERSION INFORMATION:
	TNS for Linux: Version 10.2.0.4.0 - Production
	TCP/IP NT Protocol Adapter for Linux: Version 10.2.0.4.0 - Production
  Time: 11-APR-2015 22:00:02
  Tracing not turned on.
  Tns error struct:
    ns main err code: 12545
    TNS-12545: Connect failed because target host or object does not exist
    ns secondary err code: 12560
    nt main err code: 515
    TNS-00515: Connect failed because target host or object does not exist
    nt secondary err code: 11


***********************************************************************
Fatal NI connect error 12545, connecting to:
 (DESCRIPTION=(ADDRESS=(PROTOCOL=TCP)(HOST=10.20.23.37)(PORT=1521))(CONNECT_DATA=(SERVICE_NAME=RDB)(CID=(PROGRAM=read_asmm_mdss)(HOST=localhost.localdomain)(USER=mdss_user))))

  VERSION INFORMATION:
	TNS for Linux: Version 10.2.0.4.0 - Production
	TCP/IP NT Protocol Adapter for Linux: Version 10.2.0.4.0 - Production
  Time: 13-APR-2015 10:30:01
  Tracing not turned on.
  Tns error struct:
    ns main err code: 12545
    TNS-12545: Connect failed because target host or object does not exist
    ns secondary err code: 12560
    nt main err code: 515
    TNS-00515: Connect failed because target host or object does not exist
    nt secondary err code: 11


***********************************************************************
Fatal NI connect error 12545, connecting to:
 (DESCRIPTION=(ADDRESS=(PROTOCOL=TCP)(HOST=10.20.23.37)(PORT=1521))(CONNECT_DATA=(SERVICE_NAME=RDB)(CID=(PROGRAM=read_asmm_mdss)(HOST=localhost.localdomain)(USER=mdss_user))))

  VERSION INFORMATION:
	TNS for Linux: Version 10.2.0.4.0 - Production
	TCP/IP NT Protocol Adapter for Linux: Version 10.2.0.4.0 - Production
  Time: 13-APR-2015 10:40:01
  Tracing not turned on.
  Tns error struct:
    ns main err code: 12545
    TNS-12545: Connect failed because target host or object does not exist
    ns secondary err code: 12560
    nt main err code: 515
    TNS-00515: Connect failed because target host or object does not exist
    nt secondary err code: 11


***********************************************************************
Fatal NI connect error 12545, connecting to:
 (DESCRIPTION=(ADDRESS=(PROTOCOL=TCP)(HOST=10.20.23.37)(PORT=1521))(CONNECT_DATA=(SERVICE_NAME=RDB)(CID=(PROGRAM=read_asmm_mdss)(HOST=localhost.localdomain)(USER=mdss_user))))

  VERSION INFORMATION:
	TNS for Linux: Version 10.2.0.4.0 - Production
	TCP/IP NT Protocol Adapter for Linux: Version 10.2.0.4.0 - Production
  Time: 13-APR-2015 10:50:01
  Tracing not turned on.
  Tns error struct:
    ns main err code: 12545
    TNS-12545: Connect failed because target host or object does not exist
    ns secondary err code: 12560
    nt main err code: 515
    TNS-00515: Connect failed because target host or object does not exist
    nt secondary err code: 11


***********************************************************************
Fatal NI connect error 12545, connecting to:
 (DESCRIPTION=(ADDRESS=(PROTOCOL=TCP)(HOST=10.20.23.37)(PORT=1521))(CONNECT_DATA=(SERVICE_NAME=RDB)(CID=(PROGRAM=read_asmm_mdss)(HOST=localhost.localdomain)(USER=mdss_user))))

  VERSION INFORMATION:
	TNS for Linux: Version 10.2.0.4.0 - Production
	TCP/IP NT Protocol Adapter for Linux: Version 10.2.0.4.0 - Production
  Time: 13-APR-2015 13:10:01
  Tracing not turned on.
  Tns error struct:
    ns main err code: 12545
    TNS-12545: Connect failed because target host or object does not exist
    ns secondary err code: 12560
    nt main err code: 515
    TNS-00515: Connect failed because target host or object does not exist
    nt secondary err code: 11


***********************************************************************
Fatal NI connect error 12545, connecting to:
 (DESCRIPTION=(ADDRESS=(PROTOCOL=TCP)(HOST=10.20.23.37)(PORT=1521))(CONNECT_DATA=(SERVICE_NAME=RDB)(CID=(PROGRAM=read_asmm_mdss)(HOST=localhost.localdomain)(USER=mdss_user))))

  VERSION INFORMATION:
	TNS for Linux: Version 10.2.0.4.0 - Production
	TCP/IP NT Protocol Adapter for Linux: Version 10.2.0.4.0 - Production
  Time: 13-APR-2015 13:20:02
  Tracing not turned on.
  Tns error struct:
    ns main err code: 12545
    TNS-12545: Connect failed because target host or object does not exist
    ns secondary err code: 12560
    nt main err code: 515
    TNS-00515: Connect failed because target host or object does not exist
    nt secondary err code: 11


***********************************************************************
Fatal NI connect error 12545, connecting to:
 (DESCRIPTION=(ADDRESS=(PROTOCOL=TCP)(HOST=10.20.23.37)(PORT=1521))(CONNECT_DATA=(SERVICE_NAME=RDB)(CID=(PROGRAM=read_asmm_mdss)(HOST=localhost.localdomain)(USER=mdss_user))))

  VERSION INFORMATION:
	TNS for Linux: Version 10.2.0.4.0 - Production
	TCP/IP NT Protocol Adapter for Linux: Version 10.2.0.4.0 - Production
  Time: 13-APR-2015 13:30:02
  Tracing not turned on.
  Tns error struct:
    ns main err code: 12545
    TNS-12545: Connect failed because target host or object does not exist
    ns secondary err code: 12560
    nt main err code: 515
    TNS-00515: Connect failed because target host or object does not exist
    nt secondary err code: 11


***********************************************************************
Fatal NI connect error 12545, connecting to:
 (DESCRIPTION=(ADDRESS=(PROTOCOL=TCP)(HOST=10.20.23.37)(PORT=1521))(CONNECT_DATA=(SERVICE_NAME=RDB)(CID=(PROGRAM=read_asmm_mdss)(HOST=localhost.localdomain)(USER=mdss_user))))

  VERSION INFORMATION:
	TNS for Linux: Version 10.2.0.4.0 - Production
	TCP/IP NT Protocol Adapter for Linux: Version 10.2.0.4.0 - Production
  Time: 13-APR-2015 13:40:01
  Tracing not turned on.
  Tns error struct:
    ns main err code: 12545
    TNS-12545: Connect failed because target host or object does not exist
    ns secondary err code: 12560
    nt main err code: 515
    TNS-00515: Connect failed because target host or object does not exist
    nt secondary err code: 11
    nt OS err code: 0


***********************************************************************
Fatal NI connect error 12545, connecting to:
 (DESCRIPTION=(ADDRESS=(PROTOCOL=TCP)(HOST=10.20.23.37)(PORT=1521))(CONNECT_DATA=(SERVICE_NAME=RDB)(CID=(PROGRAM=read_asmm_mdss)(HOST=localhost.localdomain)(USER=mdss_user))))

  VERSION INFORMATION:
	TNS for Linux: Version 10.2.0.4.0 - Production
	TCP/IP NT Protocol Adapter for Linux: Version 10.2.0.4.0 - Production
  Time: 13-APR-2015 14:00:01
  Tracing not turned on.
  Tns error struct:
    ns main err code: 12545
    TNS-12545: Connect failed because target host or object does not exist
    ns secondary err code: 12560
    nt main err code: 515
    TNS-00515: Connect failed because target host or object does not exist
    nt secondary err code: 11


***********************************************************************
Fatal NI connect error 12545, connecting to:
 (DESCRIPTION=(ADDRESS=(PROTOCOL=TCP)(HOST=10.20.23.37)(PORT=1521))(CONNECT_DATA=(SERVICE_NAME=RDB)(CID=(PROGRAM=read_asmm_mdss)(HOST=localhost.localdomain)(USER=mdss_user))))

  VERSION INFORMATION:
	TNS for Linux: Version 10.2.0.4.0 - Production
	TCP/IP NT Protocol Adapter for Linux: Version 10.2.0.4.0 - Production
  Time: 13-APR-2015 14:10:01
  Tracing not turned on.
  Tns error struct:
    ns main err code: 12545
    TNS-12545: Connect failed because target host or object does not exist
    ns secondary err code: 12560
    nt main err code: 515
    TNS-00515: Connect failed because target host or object does not exist
    nt secondary err code: 11


***********************************************************************
Fatal NI connect error 12545, connecting to:
 (DESCRIPTION=(ADDRESS=(PROTOCOL=TCP)(HOST=10.20.23.37)(PORT=1521))(CONNECT_DATA=(SERVICE_NAME=RDB)(CID=(PROGRAM=read_asmm_mdss)(HOST=localhost.localdomain)(USER=mdss_user))))

  VERSION INFORMATION:
	TNS for Linux: Version 10.2.0.4.0 - Production
	TCP/IP NT Protocol Adapter for Linux: Version 10.2.0.4.0 - Production
  Time: 13-APR-2015 14:20:01
  Tracing not turned on.
  Tns error struct:
    ns main err code: 12545
    TNS-12545: Connect failed because target host or object does not exist
    ns secondary err code: 12560
    nt main err code: 515
    TNS-00515: Connect failed because target host or object does not exist
    nt secondary err code: 11


***********************************************************************
Fatal NI connect error 12545, connecting to:
 (DESCRIPTION=(ADDRESS=(PROTOCOL=TCP)(HOST=10.20.23.37)(PORT=1521))(CONNECT_DATA=(SERVICE_NAME=RDB)(CID=(PROGRAM=read_asmm_mdss)(HOST=localhost.localdomain)(USER=mdss_user))))

  VERSION INFORMATION:
	TNS for Linux: Version 10.2.0.4.0 - Production
	TCP/IP NT Protocol Adapter for Linux: Version 10.2.0.4.0 - Production
  Time: 13-APR-2015 14:30:01
  Tracing not turned on.
  Tns error struct:
    ns main err code: 12545
    TNS-12545: Connect failed because target host or object does not exist
    ns secondary err code: 12560
    nt main err code: 515
    TNS-00515: Connect failed because target host or object does not exist
    nt secondary err code: 11


***********************************************************************
Fatal NI connect error 12545, connecting to:
 (DESCRIPTION=(ADDRESS=(PROTOCOL=TCP)(HOST=10.20.23.37)(PORT=1521))(CONNECT_DATA=(SERVICE_NAME=RDB)(CID=(PROGRAM=read_asmm_mdss)(HOST=localhost.localdomain)(USER=mdss_user))))

  VERSION INFORMATION:
	TNS for Linux: Version 10.2.0.4.0 - Production
	TCP/IP NT Protocol Adapter for Linux: Version 10.2.0.4.0 - Production
  Time: 13-APR-2015 14:50:01
  Tracing not turned on.
  Tns error struct:
    ns main err code: 12545
    TNS-12545: Connect failed because target host or object does not exist
    ns secondary err code: 12560
    nt main err code: 515
    TNS-00515: Connect failed because target host or object does not exist
    nt secondary err code: 11


***********************************************************************
Fatal NI connect error 12520, connecting to:
 (DESCRIPTION=(ADDRESS=(PROTOCOL=TCP)(HOST=10.20.23.37)(PORT=1521))(CONNECT_DATA=(SERVICE_NAME=RDB)(CID=(PROGRAM=read_asmm_mdss)(HOST=localhost.localdomain)(USER=mdss_user))))

  VERSION INFORMATION:
	TNS for Linux: Version 10.2.0.4.0 - Production
	TCP/IP NT Protocol Adapter for Linux: Version 10.2.0.4.0 - Production
  Time: 30-JUL-2015 21:20:01
  Tracing not turned on.
  Tns error struct:
    ns main err code: 12564
    TNS-12564: TNS:connection refused
    ns secondary err code: 0
    nt main err code: 0
    nt secondary err code: 0


***********************************************************************
Fatal NI connect error 12516, connecting to:
 (DESCRIPTION=(ADDRESS=(PROTOCOL=TCP)(HOST=10.20.23.37)(PORT=1521))(CONNECT_DATA=(SERVICE_NAME=RDB)(CID=(PROGRAM=read_asmm_mdss)(HOST=localhost.localdomain)(USER=mdss_user))))

  VERSION INFORMATION:
	TNS for Linux: Version 10.2.0.4.0 - Production
	TCP/IP NT Protocol Adapter for Linux: Version 10.2.0.4.0 - Production
  Time: 30-JUL-2015 22:50:01
  Tracing not turned on.
  Tns error struct:
    ns main err code: 12564
    TNS-12564: TNS:connection refused
    ns secondary err code: 0
    nt main err code: 0
    nt secondary err code: 0


***********************************************************************
Fatal NI connect error 12516, connecting to:
 (DESCRIPTION=(ADDRESS=(PROTOCOL=TCP)(HOST=10.20.23.37)(PORT=1521))(CONNECT_DATA=(SERVICE_NAME=RDB)(CID=(PROGRAM=read_asmm_mdss)(HOST=localhost.localdomain)(USER=mdss_user))))

  VERSION INFORMATION:
	TNS for Linux: Version 10.2.0.4.0 - Production
	TCP/IP NT Protocol Adapter for Linux: Version 10.2.0.4.0 - Production
  Time: 30-JUL-2015 23:00:02
  Tracing not turned on.
  Tns error struct:
    ns main err code: 12564
    TNS-12564: TNS:connection refused
    ns secondary err code: 0
    nt main err code: 0
    nt secondary err code: 0


***********************************************************************
Fatal NI connect error 12516, connecting to:
 (DESCRIPTION=(ADDRESS=(PROTOCOL=TCP)(HOST=10.20.23.37)(PORT=1521))(CONNECT_DATA=(SERVICE_NAME=RDB)(CID=(PROGRAM=read_asmm_mdss)(HOST=localhost.localdomain)(USER=mdss_user))))

  VERSION INFORMATION:
	TNS for Linux: Version 10.2.0.4.0 - Production
	TCP/IP NT Protocol Adapter for Linux: Version 10.2.0.4.0 - Production
  Time: 30-JUL-2015 23:10:02
  Tracing not turned on.
  Tns error struct:
    ns main err code: 12564
    TNS-12564: TNS:connection refused
    ns secondary err code: 0
    nt main err code: 0
    nt secondary err code: 0


***********************************************************************
Fatal NI connect error 12516, connecting to:
 (DESCRIPTION=(ADDRESS=(PROTOCOL=TCP)(HOST=10.20.23.37)(PORT=1521))(CONNECT_DATA=(SERVICE_NAME=RDB)(CID=(PROGRAM=read_asmm_mdss)(HOST=localhost.localdomain)(USER=mdss_user))))

  VERSION INFORMATION:
	TNS for Linux: Version 10.2.0.4.0 - Production
	TCP/IP NT Protocol Adapter for Linux: Version 10.2.0.4.0 - Production
  Time: 30-JUL-2015 23:20:01
  Tracing not turned on.
  Tns error struct:
    ns main err code: 12564
    TNS-12564: TNS:connection refused
    ns secondary err code: 0
    nt main err code: 0
    nt secondary err code: 0


***********************************************************************
Fatal NI connect error 12516, connecting to:
 (DESCRIPTION=(ADDRESS=(PROTOCOL=TCP)(HOST=10.20.23.37)(PORT=1521))(CONNECT_DATA=(SERVICE_NAME=RDB)(CID=(PROGRAM=read_asmm_mdss)(HOST=localhost.localdomain)(USER=mdss_user))))

  VERSION INFORMATION:
	TNS for Linux: Version 10.2.0.4.0 - Production
	TCP/IP NT Protocol Adapter for Linux: Version 10.2.0.4.0 - Production
  Time: 30-JUL-2015 23:30:01
  Tracing not turned on.
  Tns error struct:
    ns main err code: 12564
    TNS-12564: TNS:connection refused
    ns secondary err code: 0
    nt main err code: 0
    nt secondary err code: 0


***********************************************************************
Fatal NI connect error 12516, connecting to:
 (DESCRIPTION=(ADDRESS=(PROTOCOL=TCP)(HOST=10.20.23.37)(PORT=1521))(CONNECT_DATA=(SERVICE_NAME=RDB)(CID=(PROGRAM=read_asmm_mdss)(HOST=localhost.localdomain)(USER=mdss_user))))

  VERSION INFORMATION:
	TNS for Linux: Version 10.2.0.4.0 - Production
	TCP/IP NT Protocol Adapter for Linux: Version 10.2.0.4.0 - Production
  Time: 30-JUL-2015 23:40:01
  Tracing not turned on.
  Tns error struct:
    ns main err code: 12564
    TNS-12564: TNS:connection refused
    ns secondary err code: 0
    nt main err code: 0
    nt secondary err code: 0


***********************************************************************
Fatal NI connect error 12537, connecting to:
 (DESCRIPTION=(ADDRESS=(PROTOCOL=TCP)(HOST=10.20.23.37)(PORT=1521))(CONNECT_DATA=(SERVICE_NAME=RDB)(CID=(PROGRAM=read_asmm_mdss)(HOST=localhost.localdomain)(USER=mdss_user))))

  VERSION INFORMATION:
	TNS for Linux: Version 10.2.0.4.0 - Production
	TCP/IP NT Protocol Adapter for Linux: Version 10.2.0.4.0 - Production
  Time: 30-JUL-2015 23:49:32
  Tracing not turned on.
  Tns error struct:
    ns main err code: 12537
    TNS-12537: TNS:connection closed
    ns secondary err code: 12560
    nt main err code: 507
    TNS-00507: Connection closed
    nt secondary err code: 0


***********************************************************************
Fatal NI connect error 12537, connecting to:
 (DESCRIPTION=(ADDRESS=(PROTOCOL=TCP)(HOST=10.20.23.37)(PORT=1521))(CONNECT_DATA=(SERVICE_NAME=RDB)(CID=(PROGRAM=read_asmm_mdss)(HOST=localhost.localdomain)(USER=mdss_user))))

  VERSION INFORMATION:
	TNS for Linux: Version 10.2.0.4.0 - Production
	TCP/IP NT Protocol Adapter for Linux: Version 10.2.0.4.0 - Production
  Time: 30-JUL-2015 23:49:32
  Tracing not turned on.
  Tns error struct:
    ns main err code: 12537
    TNS-12537: TNS:connection closed
    ns secondary err code: 12560
    nt main err code: 507
    TNS-00507: Connection closed
    nt secondary err code: 0


***********************************************************************
Fatal NI connect error 12518, connecting to:
 (DESCRIPTION=(ADDRESS=(PROTOCOL=TCP)(HOST=10.20.23.37)(PORT=1521))(CONNECT_DATA=(SERVICE_NAME=RDB)(CID=(PROGRAM=read_asmm_mdss)(HOST=localhost.localdomain)(USER=mdss_user))))

  VERSION INFORMATION:
	TNS for Linux: Version 10.2.0.4.0 - Production
	TCP/IP NT Protocol Adapter for Linux: Version 10.2.0.4.0 - Production
  Time: 12-AUG-2015 21:00:01
  Tracing not turned on.
  Tns error struct:
    ns main err code: 12564
    TNS-12564: TNS:connection refused
    ns secondary err code: 0
    nt main err code: 0
    nt secondary err code: 0


***********************************************************************
Fatal NI connect error 12518, connecting to:
 (DESCRIPTION=(ADDRESS=(PROTOCOL=TCP)(HOST=10.20.23.37)(PORT=1521))(CONNECT_DATA=(SERVICE_NAME=RDB)(CID=(PROGRAM=read_asmm_mdss)(HOST=localhost.localdomain)(USER=mdss_user))))

  VERSION INFORMATION:
	TNS for Linux: Version 10.2.0.4.0 - Production
	TCP/IP NT Protocol Adapter for Linux: Version 10.2.0.4.0 - Production
  Time: 12-AUG-2015 21:10:01
  Tracing not turned on.
  Tns error struct:
    ns main err code: 12564
    TNS-12564: TNS:connection refused
    ns secondary err code: 0
    nt main err code: 0
    nt secondary err code: 0


***********************************************************************
Fatal NI connect error 12518, connecting to:
 (DESCRIPTION=(ADDRESS=(PROTOCOL=TCP)(HOST=10.20.23.37)(PORT=1521))(CONNECT_DATA=(SERVICE_NAME=RDB)(CID=(PROGRAM=read_asmm_mdss)(HOST=localhost.localdomain)(USER=mdss_user))))

  VERSION INFORMATION:
	TNS for Linux: Version 10.2.0.4.0 - Production
	TCP/IP NT Protocol Adapter for Linux: Version 10.2.0.4.0 - Production
  Time: 12-AUG-2015 21:20:01
  Tracing not turned on.
  Tns error struct:
    ns main err code: 12564
    TNS-12564: TNS:connection refused
    ns secondary err code: 0
    nt main err code: 0
    nt secondary err code: 0


***********************************************************************
Fatal NI connect error 12518, connecting to:
 (DESCRIPTION=(ADDRESS=(PROTOCOL=TCP)(HOST=10.20.23.37)(PORT=1521))(CONNECT_DATA=(SERVICE_NAME=RDB)(CID=(PROGRAM=read_asmm_mdss)(HOST=localhost.localdomain)(USER=mdss_user))))

  VERSION INFORMATION:
	TNS for Linux: Version 10.2.0.4.0 - Production
	TCP/IP NT Protocol Adapter for Linux: Version 10.2.0.4.0 - Production
  Time: 12-AUG-2015 21:30:02
  Tracing not turned on.
  Tns error struct:
    ns main err code: 12564
    TNS-12564: TNS:connection refused
    ns secondary err code: 0
    nt main err code: 0
    nt secondary err code: 0


***********************************************************************
Fatal NI connect error 12516, connecting to:
 (DESCRIPTION=(ADDRESS=(PROTOCOL=TCP)(HOST=10.20.23.37)(PORT=1521))(CONNECT_DATA=(SERVICE_NAME=RDB)(CID=(PROGRAM=read_asmm_mdss)(HOST=localhost.localdomain)(USER=mdss_user))))

  VERSION INFORMATION:
	TNS for Linux: Version 10.2.0.4.0 - Production
	TCP/IP NT Protocol Adapter for Linux: Version 10.2.0.4.0 - Production
  Time: 12-AUG-2015 22:00:01
  Tracing not turned on.
  Tns error struct:
    ns main err code: 12564
    TNS-12564: TNS:connection refused
    ns secondary err code: 0
    nt main err code: 0
    nt secondary err code: 0


***********************************************************************
Fatal NI connect error 12516, connecting to:
 (DESCRIPTION=(ADDRESS=(PROTOCOL=TCP)(HOST=10.20.23.37)(PORT=1521))(CONNECT_DATA=(SERVICE_NAME=RDB)(CID=(PROGRAM=read_asmm_mdss)(HOST=localhost.localdomain)(USER=mdss_user))))

  VERSION INFORMATION:
	TNS for Linux: Version 10.2.0.4.0 - Production
	TCP/IP NT Protocol Adapter for Linux: Version 10.2.0.4.0 - Production
  Time: 12-AUG-2015 22:10:01
  Tracing not turned on.
  Tns error struct:
    ns main err code: 12564
    TNS-12564: TNS:connection refused
    ns secondary err code: 0
    nt main err code: 0
    nt secondary err code: 0


***********************************************************************
Fatal NI connect error 12518, connecting to:
 (DESCRIPTION=(ADDRESS=(PROTOCOL=TCP)(HOST=10.20.23.37)(PORT=1521))(CONNECT_DATA=(SERVICE_NAME=RDB)(CID=(PROGRAM=read_asmm_mdss)(HOST=localhost.localdomain)(USER=mdss_user))))

  VERSION INFORMATION:
	TNS for Linux: Version 10.2.0.4.0 - Production
	TCP/IP NT Protocol Adapter for Linux: Version 10.2.0.4.0 - Production
  Time: 12-AUG-2015 22:20:01
  Tracing not turned on.
  Tns error struct:
    ns main err code: 12564
    TNS-12564: TNS:connection refused
    ns secondary err code: 0
    nt main err code: 0
    nt secondary err code: 0


***********************************************************************
Fatal NI connect error 12518, connecting to:
 (DESCRIPTION=(ADDRESS=(PROTOCOL=TCP)(HOST=10.20.23.37)(PORT=1521))(CONNECT_DATA=(SERVICE_NAME=RDB)(CID=(PROGRAM=read_asmm_mdss)(HOST=localhost.localdomain)(USER=mdss_user))))

  VERSION INFORMATION:
	TNS for Linux: Version 10.2.0.4.0 - Production
	TCP/IP NT Protocol Adapter for Linux: Version 10.2.0.4.0 - Production
  Time: 12-AUG-2015 22:30:01
  Tracing not turned on.
  Tns error struct:
    ns main err code: 12564
    TNS-12564: TNS:connection refused
    ns secondary err code: 0
    nt main err code: 0
    nt secondary err code: 0


***********************************************************************
Fatal NI connect error 12537, connecting to:
 (DESCRIPTION=(ADDRESS=(PROTOCOL=TCP)(HOST=10.20.23.37)(PORT=1521))(CONNECT_DATA=(SERVICE_NAME=RDB)(CID=(PROGRAM=read_asmm_mdss)(HOST=localhost.localdomain)(USER=mdss_user))))

  VERSION INFORMATION:
	TNS for Linux: Version 10.2.0.4.0 - Production
	TCP/IP NT Protocol Adapter for Linux: Version 10.2.0.4.0 - Production
  Time: 12-AUG-2015 22:33:52
  Tracing not turned on.
  Tns error struct:
    ns main err code: 12537
    TNS-12537: TNS:connection closed
    ns secondary err code: 12560
    nt main err code: 507
    TNS-00507: Connection closed
    nt secondary err code: 0


***********************************************************************
Fatal NI connect error 12537, connecting to:
 (DESCRIPTION=(ADDRESS=(PROTOCOL=TCP)(HOST=10.20.23.37)(PORT=1521))(CONNECT_DATA=(SERVICE_NAME=RDB)(CID=(PROGRAM=read_asmm_mdss)(HOST=localhost.localdomain)(USER=mdss_user))))

  VERSION INFORMATION:
	TNS for Linux: Version 10.2.0.4.0 - Production
	TCP/IP NT Protocol Adapter for Linux: Version 10.2.0.4.0 - Production
  Time: 12-AUG-2015 22:33:53
  Tracing not turned on.
  Tns error struct:
    ns main err code: 12537
    TNS-12537: TNS:connection closed
    ns secondary err code: 12560
    nt main err code: 507
    TNS-00507: Connection closed
    nt secondary err code: 0


***********************************************************************
Fatal NI connect error 12537, connecting to:
 (DESCRIPTION=(ADDRESS=(PROTOCOL=TCP)(HOST=10.20.23.37)(PORT=1521))(CONNECT_DATA=(SERVICE_NAME=RDB)(CID=(PROGRAM=read_asmm_mdss)(HOST=localhost.localdomain)(USER=mdss_user))))

  VERSION INFORMATION:
	TNS for Linux: Version 10.2.0.4.0 - Production
	TCP/IP NT Protocol Adapter for Linux: Version 10.2.0.4.0 - Production
  Time: 12-AUG-2015 22:33:54
  Tracing not turned on.
  Tns error struct:
    ns main err code: 12537
    TNS-12537: TNS:connection closed
    ns secondary err code: 12560
    nt main err code: 507
    TNS-00507: Connection closed
    nt secondary err code: 0


***********************************************************************
Fatal NI connect error 12537, connecting to:
 (DESCRIPTION=(ADDRESS=(PROTOCOL=TCP)(HOST=10.20.23.37)(PORT=1521))(CONNECT_DATA=(SERVICE_NAME=RDB)(CID=(PROGRAM=read_asmm_mdss)(HOST=localhost.localdomain)(USER=mdss_user))))

  VERSION INFORMATION:
	TNS for Linux: Version 10.2.0.4.0 - Production
	TCP/IP NT Protocol Adapter for Linux: Version 10.2.0.4.0 - Production
  Time: 12-AUG-2015 22:33:56
  Tracing not turned on.
  Tns error struct:
    ns main err code: 12537
    TNS-12537: TNS:connection closed
    ns secondary err code: 12560
    nt main err code: 507
    TNS-00507: Connection closed
    nt secondary err code: 0


***********************************************************************
Fatal NI connect error 12560, connecting to:
 (DESCRIPTION=(ADDRESS=(PROTOCOL=TCP)(HOST=10.20.23.37)(PORT=1521))(CONNECT_DATA=(SERVICE_NAME=RDB)(CID=(PROGRAM=read_asmm_mdss)(HOST=localhost.localdomain)(USER=mdss_user))))

  VERSION INFORMATION:
	TNS for Linux: Version 10.2.0.4.0 - Production
	TCP/IP NT Protocol Adapter for Linux: Version 10.2.0.4.0 - Production
  Time: 18-MAR-2016 11:40:08
  Tracing not turned on.
  Tns error struct:
    ns main err code: 12560
    TNS-12560: TNS:protocol adapter error
    ns secondary err code: 0
    nt main err code: 530
    TNS-00530: Protocol adapter error
    nt secondary err code: 113


***********************************************************************
Fatal NI connect error 12170.

  VERSION INFORMATION:
	TNS for Linux: Version 10.2.0.4.0 - Production
	TCP/IP NT Protocol Adapter for Linux: Version 10.2.0.4.0 - Production
  Time: 15-OCT-2016 12:43:11
  Tracing not turned on.
  Tns error struct:
    ns main err code: 12535
    TNS-12535: TNS:operation timed out
    ns secondary err code: 12560
    nt main err code: 505
    TNS-00505: Operation timed out
    nt secondary err code: 110
    nt OS err code: 0


***********************************************************************
Fatal NI connect error 12541, connecting to:
 (DESCRIPTION=(ADDRESS=(PROTOCOL=TCP)(HOST=10.20.23.37)(PORT=1521))(CONNECT_DATA=(SERVICE_NAME=RDB)(CID=(PROGRAM=read_asmm_mdss)(HOST=localhost.localdomain)(USER=mdss_user))))

  VERSION INFORMATION:
	TNS for Linux: Version 10.2.0.4.0 - Production
	TCP/IP NT Protocol Adapter for Linux: Version 10.2.0.4.0 - Production
  Time: 27-DEC-2016 09:40:01
  Tracing not turned on.
  Tns error struct:
    ns main err code: 12541
    TNS-12541: TNS:no listener
    ns secondary err code: 12560
    nt main err code: 511
    TNS-00511: No listener
    nt secondary err code: 111
